<?xml version="1.0" encoding="UTF-8"?>
<!-- Generated by org.testng.reporters.JUnitReportReporter -->
<testsuite hostname="iL-L-097" failures="0" tests="1" name="testcases.TC_002VerifyLoginWithValidCredentials" time="1.388" errors="0" timestamp="2024-10-08T10:35:12 IST" skipped="0">
  <testcase classname="testcases.TC_002VerifyLoginWithValidCredentials" name="VerifyLoginWithValidCredentials" time="1.388"/>
</testsuite> <!-- testcases.TC_002VerifyLoginWithValidCredentials -->
