<?xml version="1.0" encoding="UTF-8"?>
<!-- Generated by org.testng.reporters.JUnitReportReporter -->
<testsuite hostname="iL-L-097" failures="0" tests="1" name="testcases.TC_001AccountRegistrationTest" time="4.378" errors="0" timestamp="2024-10-08T10:35:12 IST" skipped="0">
  <testcase classname="testcases.TC_001AccountRegistrationTest" name="verify_Account_Registration" time="4.378"/>
</testsuite> <!-- testcases.TC_001AccountRegistrationTest -->
